<?xml version="1.0" encoding="UTF-8"?>
<!-- Generated by org.testng.reporters.JUnitReportReporter -->
<testsuite hostname="shiv-Inspiron-N5110" failures="0" tests="2" name="runner.ReRunTestRunner" time="14.147" errors="0" timestamp="2025-06-21T09:28:38 IST" skipped="0">
  <testcase classname="runner.ReRunTestRunner" name="runScenario" time="7.221"/>
  <testcase classname="runner.ReRunTestRunner" name="runScenario" time="6.926"/>
</testsuite> <!-- runner.ReRunTestRunner -->
