<?xml version="1.0" encoding="UTF-8"?>
<!-- Generated by org.testng.reporters.JUnitReportReporter -->
<testsuite hostname="shiv-Inspiron-N5110" failures="0" tests="3" name="runner.ReRunTestRunner" time="20.975" errors="3" timestamp="2025-06-20T10:43:49 IST" skipped="0">
  <testcase classname="runner.ReRunTestRunner" name="runScenario" time="6.777">
    <error message="Cannot invoke &quot;com.aventstack.extentreports.ExtentReports.createTest(String)&quot; because &quot;report.ExtentFactory.report&quot; is null" type="java.lang.NullPointerException">
      <![CDATA[java.lang.NullPointerException: Cannot invoke "com.aventstack.extentreports.ExtentReports.createTest(String)" because "report.ExtentFactory.report" is null
at report.ExtentFactory.createOrGetTest(ExtentFactory.java:53)
at hooks.ApplicationHooks.beforeScenarios(ApplicationHooks.java:35)
]]>
    </error>
  </testcase> <!-- runScenario -->
  <testcase classname="runner.ReRunTestRunner" name="runScenario" time="7.014">
    <error message="Cannot invoke &quot;com.aventstack.extentreports.ExtentReports.createTest(String)&quot; because &quot;report.ExtentFactory.report&quot; is null" type="java.lang.NullPointerException">
      <![CDATA[java.lang.NullPointerException: Cannot invoke "com.aventstack.extentreports.ExtentReports.createTest(String)" because "report.ExtentFactory.report" is null
at report.ExtentFactory.createOrGetTest(ExtentFactory.java:53)
at hooks.ApplicationHooks.beforeScenarios(ApplicationHooks.java:35)
]]>
    </error>
  </testcase> <!-- runScenario -->
  <testcase classname="runner.ReRunTestRunner" name="runScenario" time="7.184">
    <error message="Cannot invoke &quot;com.aventstack.extentreports.ExtentReports.createTest(String)&quot; because &quot;report.ExtentFactory.report&quot; is null" type="java.lang.NullPointerException">
      <![CDATA[java.lang.NullPointerException: Cannot invoke "com.aventstack.extentreports.ExtentReports.createTest(String)" because "report.ExtentFactory.report" is null
at report.ExtentFactory.createOrGetTest(ExtentFactory.java:53)
at hooks.ApplicationHooks.beforeScenarios(ApplicationHooks.java:35)
]]>
    </error>
  </testcase> <!-- runScenario -->
</testsuite> <!-- runner.ReRunTestRunner -->
